#-----------------------------------------------------------
# Vivado v2020.1 (64-bit)
# SW Build 2902540 on Wed May 27 19:54:49 MDT 2020
# IP Build 2902112 on Wed May 27 22:43:36 MDT 2020
# Start of session at: Fri Nov  1 16:02:14 2024
# Process ID: 1332
# Current directory: C:/Users/aa09303/Desktop/CA/32bit-riscv-processor
# Command line: vivado.exe -gui_launcher_event rodinguilauncherevent17132 C:\Users\aa09303\Desktop\CA\32bit-riscv-processor\32bit-riscv-processor.xpr
# Log file: C:/Users/aa09303/Desktop/CA/32bit-riscv-processor/vivado.log
# Journal file: C:/Users/aa09303/Desktop/CA/32bit-riscv-processor\vivado.jou
#-----------------------------------------------------------
start_gui
open_project C:/Users/aa09303/Desktop/CA/32bit-riscv-processor/32bit-riscv-processor.xpr
Scanning sources...
Finished scanning sources
WARNING: [filemgmt 56-3] Default IP Output Path : Could not find the directory 'C:/Users/aa09303/Desktop/CA/32bit-riscv-processor/32bit-riscv-processor.srcs/sources_1'.
INFO: [IP_Flow 19-234] Refreshing IP repositories
INFO: [IP_Flow 19-1704] No user IP repositories specified
INFO: [IP_Flow 19-2313] Loaded Vivado IP repository 'C:/Xilinx/Vivado/2020.1/data/ip'.
update_compile_order -fileset sources_1
exit
INFO: [Common 17-206] Exiting Vivado at Fri Nov  1 16:02:45 2024...
