#-----------------------------------------------------------
# Vivado v2020.1 (64-bit)
# SW Build 2902540 on Wed May 27 19:54:49 MDT 2020
# IP Build 2902112 on Wed May 27 22:43:36 MDT 2020
# Start of session at: Fri Oct 25 16:03:33 2024
# Process ID: 10496
# Current directory: C:/Users/Sufyan/Desktop/64-bit-pipelined-riscv-processor
# Command line: vivado.exe -gui_launcher_event rodinguilauncherevent8380 C:\Users\Sufyan\Desktop\64-bit-pipelined-riscv-processor\32bit-riscv-processor.xpr
# Log file: C:/Users/Sufyan/Desktop/64-bit-pipelined-riscv-processor/vivado.log
# Journal file: C:/Users/Sufyan/Desktop/64-bit-pipelined-riscv-processor\vivado.jou
#-----------------------------------------------------------
start_gui
open_project C:/Users/Sufyan/Desktop/64-bit-pipelined-riscv-processor/32bit-riscv-processor.xpr
INFO: [Project 1-313] Project file moved from 'D:/coding/VerilogProjects/32bit-riscv-processor' since last save.
Scanning sources...
Finished scanning sources
INFO: [IP_Flow 19-234] Refreshing IP repositories
INFO: [IP_Flow 19-1704] No user IP repositories specified
INFO: [IP_Flow 19-2313] Loaded Vivado IP repository 'C:/Xilinx/Vivado/2020.1/data/ip'.
open_project: Time (s): cpu = 00:00:13 ; elapsed = 00:00:07 . Memory (MB): peak = 1028.582 ; gain = 0.000
update_compile_order -fileset sources_1
exit
INFO: [Common 17-206] Exiting Vivado at Fri Oct 25 18:08:36 2024...
