#-----------------------------------------------------------
# Vivado v2020.1 (64-bit)
# SW Build 2902540 on Wed May 27 19:54:49 MDT 2020
# IP Build 2902112 on Wed May 27 22:43:36 MDT 2020
# Start of session at: Fri Oct 25 12:35:37 2024
# Process ID: 7132
# Current directory: C:/Users/Sufyan/Desktop/64-bit-pipelined-riscv-processor
# Command line: vivado.exe -gui_launcher_event rodinguilauncherevent18316 C:\Users\Sufyan\Desktop\64-bit-pipelined-riscv-processor\32bit-riscv-processor.xpr
# Log file: C:/Users/Sufyan/Desktop/64-bit-pipelined-riscv-processor/vivado.log
# Journal file: C:/Users/Sufyan/Desktop/64-bit-pipelined-riscv-processor\vivado.jou
#-----------------------------------------------------------
start_gui
open_project C:/Users/Sufyan/Desktop/64-bit-pipelined-riscv-processor/32bit-riscv-processor.xpr
INFO: [Project 1-313] Project file moved from 'D:/coding/VerilogProjects/32bit-riscv-processor' since last save.
Scanning sources...
Finished scanning sources
WARNING: [filemgmt 56-2] Default IP Output Path : Could not find the directory 'C:/Users/Sufyan/Desktop/64-bit-pipelined-riscv-processor/32bit-riscv-processor.srcs/sources_1', nor could it be found using path 'D:/coding/VerilogProjects/32bit-riscv-processor/32bit-riscv-processor.srcs/sources_1'.
INFO: [IP_Flow 19-234] Refreshing IP repositories
INFO: [IP_Flow 19-1704] No user IP repositories specified
INFO: [IP_Flow 19-2313] Loaded Vivado IP repository 'C:/Xilinx/Vivado/2020.1/data/ip'.
open_project: Time (s): cpu = 00:00:07 ; elapsed = 00:00:07 . Memory (MB): peak = 1028.516 ; gain = 0.000
update_compile_order -fileset sources_1
exit
INFO: [Common 17-206] Exiting Vivado at Fri Oct 25 12:37:15 2024...
r -fileset sources_1
launch_simulation
Command: launch_simulation 
INFO: [Vivado 12-5682] Launching behavioral simulation in 'C:/Users/Sufyan/Desktop/64-bit-pipelined-riscv-processor/32bit-riscv-processor.sim/sim_1/behav/xsim'
INFO: [SIM-utils-51] Simulation object is 'sim_1'
INFO: [SIM-utils-54] Inspecting design source files for 'tb_instruction_memory' in fileset 'sim_1'...
INFO: [USF-XSim-97] Finding global include files...
INFO: [USF-XSim-98] Fetching design files from 'sim_1'...
INFO: [USF-XSim-2] XSim::Compile design
INFO: [USF-XSim-61] Executing 'COMPILE and ANALYZE' step in 'C:/Users/Sufyan/Desktop/64-bit-pipelined-riscv-processor/32bit-riscv-processor.sim/sim_1/behav/xsim'
"xvlog --incr --relax -prj tb_instruction_memory_vlog.prj"
INFO: [VRFC 10-2263] Analyzing Verilog file "C:/Users/Sufyan/Desktop/64-bit-pipelined-riscv-processor/32bit-riscv-processor.srcs/Lab-8/sources/instruction_memory.v" into library xil_defaultlib
INFO: [VRFC 10-311] analyzing module instruction_memory
INFO: [VRFC 10-2263] Analyzing Verilog file "C:/Users/Sufyan/Desktop/64-bit-pipelined-riscv-processor/32bit-riscv-processor.srcs/Lab-8/simulators/tb_instruction_memory.v" into library xil_defaultlib
INFO: [VRFC 10-311] analyzing module tb_instruction_memory
INFO: [USF-XSim-69] 'compile' step finished in '2' seconds
INFO: [USF-XSim-3] XSim::Elaborate design
INFO: [USF-XSim-61] Executing 'ELABORATE' step in 'C:/Users/Sufyan/Desktop/64-bit-pipelined-riscv-processor/32bit-riscv-processor.sim/sim_1/behav/xsim'
"xelab -wto 1c3006c853e54e5e8301659e13c20853 --incr --debug typical --relax --mt 2 -L xil_defaultlib -L unisims_ver -L unimacro_ver -L secureip --snapshot tb_instruction_memory_behav xil_defaultlib.tb_instruction_memory xil_defaultlib.glbl -log elaborate.log"
Vivado Simulator 2020.1
Copyright 1986-1999, 2001-2020 Xilinx, Inc. All Rights Reserved.
Running: C:/Xilinx/Vivado/2020.1/bin/unwrapped/win64.o/xelab.exe -wto 1c3006c853e54e5e8301659e13c20853 --incr --debug typical --relax --mt 2 -L xil_defaultlib -L unisims_ver -L unimacro_ver -L secureip --snapshot tb_instruction_memory_behav xil_defaultlib.tb_instruction_memory xil_defaultlib.glbl -log elaborate.log 
Using 2 slave threads.
Starting static elaboration
Pass Through NonSizing Optimizer
Completed static elaboration
Starting simulation data flow analysis
Completed simulation data flow analysis
Time Resolution for simulation is 1ps
Compiling module xil_defaultlib.instruction_memory
Compiling module xil_defaultlib.tb_instruction_memory
Compiling module xil_defaultlib.glbl
Built simulation snapshot tb_instruction_memory_behav

****** Webtalk v2020.1 (64-bit)
  **** SW Build 2902540 on Wed May 27 19:54:49 MDT 2020
  **** IP Build 2902112 on Wed May 27 22:43:36 MDT 2020
    ** Copyright 1986-2020 Xilinx, Inc. All Rights Reserved.

source C:/Users/Sufyan/Desktop/64-bit-pipelined-riscv-processor/32bit-riscv-processor.sim/sim_1/behav/xsim/xsim.dir/tb_instruction_memory_behav/webtalk/xsim_webtalk.tcl -notrace
INFO: [Common 17-206] Exiting Webtalk at Fri Oct 25 12:37:35 2024...
run_program: Time (s): cpu = 00:00:00 ; elapsed = 00:00:06 . Memory (MB): peak = 1015.777 ; gain = 0.000
INFO: [USF-XSim-69] 'elaborate' step finished in '6' seconds
INFO: [USF-XSim-4] XSim::Simulate design
INFO: [USF-XSim-61] Executing 'SIMULATE' step in 'C:/Users/Sufyan/Desktop/64-bit-pipelined-riscv-processor/32bit-riscv-processor.sim/sim_1/behav/xsim'
INFO: [USF-XSim-98] *** Running xsim
   with args "tb_instruction_memory_behav -key {Behavioral:sim_1:Functional:tb_instruction_memory} -tclbatch {tb_instruction_memory.tcl} -log {simulate.log}"
INFO: [USF-XSim-8] Loading simulator feature
Vivado Simulator 2020.1
Time resolution is 1 ps
source tb_instruction_memory.tcl
# set curr_wave [current_wave_config]
# if { [string length $curr_wave] == 0 } {
#   if { [llength [get_objects]] > 0} {
#     add_wave /
#     set_property needs_save false [current_wave_config]
#   } else {
#      send_msg_id Add_Wave-1 WARNING "No top level signals found. Simulator will start without a wave window. If you want to open a wave window go to 'File->New Waveform Configuration' or type 'create_wave_config' in the TCL console."
#   }
# }
# run 3000ns
INFO: [USF-XSim-96] XSim completed. Design snapshot 'tb_instruction_memory_behav' loaded.
INFO: [USF-XSim-97] XSim simulation ran for 3000ns
launch_simulation: Time (s): cpu = 00:00:04 ; elapsed = 00:00:13 . Memory (MB): peak = 1015.777 ; gain = 0.000
close_sim
INFO: [Simtcl 6-16] Simulation closed
exit
INFO: [Common 17-206] Exiting Vivado at Fri Oct 25 12:59:49 2024...
